✅ Data pushed successfully to car! ✅
✅ Data pushed successfully to car! ✅
✅ Data pushed successfully to car! ✅
✅ Data pushed successfully to car! ✅
✅ Data pushed successfully to car! ✅
✅ Data pushed successfully to car! ✅
✅ Data pushed successfully to car! ✅
✅ Data pushed successfully to car! ✅
✅ Data pushed successfully to car! ✅
✅ Data pushed successfully to car! ✅
✅ Data pushed successfully to car! ✅
✅ Data pushed successfully to car! ✅
✅ Data pushed successfully to car! ✅
✅ Data pushed successfully to car! ✅
✅ Data pushed successfully to car! ✅
✅ Data pushed successfully to car! ✅
✅ Data pushed successfully to car! ✅
✅ Data pushed successfully to car! ✅
✅ Data pushed successfully to car! ✅
✅ Data pushed successfully to car! ✅
✅ Data pushed successfully to car! ✅
✅ Data pushed successfully to car! ✅
✅ Data pushed successfully to car! ✅
✅ Data pushed successfully to car! ✅
✅ Data pushed successfully to car! ✅
✅ Data pushed successfully to car! ✅
✅ Data pushed successfully to car! ✅
✅ Data pushed successfully to car! ✅
✅ Data pushed successfully to car! ✅
✅ Data pushed successfully to car! ✅
✅ Data pushed successfully to car! ✅
✅ Data pushed successfully to car! ✅
✅ Data pushed successfully to car! ✅
✅ Data pushed successfully to car! ✅
✅ Data pushed successfully to car! ✅
✅ Data pushed successfully to car! ✅
✅ Data pushed successfully to car! ✅
✅ Data pushed successfully to car! ✅
✅ Data pushed successfully to car! ✅
✅ Data pushed successfully to car! ✅
✅ Data pushed successfully to car! ✅
✅ Data pushed successfully to car! ✅
✅ Data pushed successfully to car! ✅
✅ Data pushed successfully to car! ✅
✅ Data pushed successfully to car! ✅
✅ Data pushed successfully to car! ✅
✅ Data pushed successfully to car! ✅
✅ Data pushed successfully to car! ✅
✅ Data pushed successfully to car! ✅
✅ Data pushed successfully to car! ✅
✅ Data pushed successfully to car! ✅
✅ Data pushed successfully to car! ✅
✅ Data pushed successfully to car! ✅
✅ Data pushed successfully to car! ✅
✅ Data pushed successfully to car! ✅
✅ Data pushed successfully to car! ✅
✅ Data pushed successfully to car! ✅
✅ Data pushed successfully to car! ✅
✅ Data pushed successfully to car! ✅
✅ Data pushed successfully to car! ✅
✅ Data pushed successfully to car! ✅
✅ Data pushed successfully to car! ✅
✅ Data pushed successfully to car! ✅
✅ Data pushed successfully to car! ✅
✅ Data pushed successfully to car! ✅
✅ Data pushed successfully to car! ✅
✅ Data pushed successfully to car! ✅
✅ Data pushed successfully to car! ✅
✅ Data pushed successfully to car! ✅
✅ Data pushed successfully to car! ✅
✅ Data pushed successfully to car! ✅
✅ Data pushed successfully to car! ✅
✅ Data pushed successfully to car! ✅
✅ Data pushed successfully to car! ✅
✅ Data pushed successfully to car! ✅
✅ Data pushed successfully to car! ✅
✅ Data pushed successfully to car! ✅
✅ Data pushed successfully to car! ✅
✅ Data pushed successfully to car! ✅
✅ Data pushed successfully to car! ✅
✅ Data pushed successfully to car! ✅
✅ Data pushed successfully to car! ✅
✅ Data pushed successfully to car! ✅
✅ Data pushed successfully to car! ✅
✅ Data pushed successfully to car! ✅
✅ Data pushed successfully to car! ✅
✅ Data pushed successfully to car! ✅
✅ Data pushed successfully to car! ✅
✅ Data pushed successfully to car! ✅
✅ Data pushed successfully to car! ✅
✅ Data pushed successfully to car! ✅
✅ Data pushed successfully to car! ✅
✅ Data pushed successfully to car! ✅
✅ Data pushed successfully to car! ✅
✅ Data pushed successfully to car! ✅
✅ Data pushed successfully to car! ✅
✅ Data pushed successfully to car! ✅
✅ Data pushed successfully to car! ✅
✅ Data pushed successfully to car! ✅
✅ Data pushed successfully to car! ✅
✅ Data pushed successfully to car! ✅
✅ Data pushed successfully to car! ✅
✅ Data pushed successfully to car! ✅
✅ Data pushed successfully to car! ✅
✅ Data pushed successfully to car! ✅
✅ Data pushed successfully to car! ✅
✅ Data pushed successfully to car! ✅
✅ Data pushed successfully to car! ✅
✅ Data pushed successfully to car! ✅
✅ Data pushed successfully to car! ✅
✅ Data pushed successfully to car! ✅
✅ Data pushed successfully to car! ✅
✅ Data pushed successfully to car! ✅
✅ Data pushed successfully to car! ✅
✅ Data pushed successfully to car! ✅
✅ Data pushed successfully to car! ✅
✅ Data pushed successfully to car! ✅
✅ Data pushed successfully to car! ✅
✅ Data pushed successfully to car! ✅
✅ Data pushed successfully to car! ✅
✅ Data pushed successfully to car! ✅
✅ Data pushed successfully to car! ✅
✅ Data pushed successfully to car! ✅
✅ Data pushed successfully to car! ✅
✅ Data pushed successfully to car! ✅
✅ Data pushed successfully to car! ✅
✅ Data pushed successfully to car! ✅
✅ Data pushed successfully to car! ✅
✅ Data pushed successfully to car! ✅
✅ Data pushed successfully to car! ✅
✅ Data pushed successfully to car! ✅
✅ Data pushed successfully to car! ✅
✅ Data pushed successfully to car! ✅
✅ Data pushed successfully to car! ✅
✅ Data pushed successfully to car! ✅
✅ Data pushed successfully to car! ✅
✅ Data pushed successfully to car! ✅
✅ Data pushed successfully to car! ✅
✅ Data pushed successfully to car! ✅
✅ Data pushed successfully to car! ✅
✅ Data pushed successfully to car! ✅
✅ Data pushed successfully to car! ✅
✅ Data pushed successfully to car! ✅
✅ Data pushed successfully to car! ✅
✅ Data pushed successfully to car! ✅
✅ Data pushed successfully to car! ✅
✅ Data pushed successfully to car! ✅
❌ duplicate key value violates unique constraint "car_pkey"
DETAIL:  Key (urlcar)=(https://bonbanh.com/xe-ford-ranger-xls-2.2l-4x2-at-2022-5674246) already exists.

❌ duplicate key value violates unique constraint "car_pkey"
DETAIL:  Key (urlcar)=(https://bonbanh.com/xe-chevrolet-spark-van-0.8-mt-2011-5668132) already exists.

❌ duplicate key value violates unique constraint "car_pkey"
DETAIL:  Key (urlcar)=(https://bonbanh.com/xe-toyota-camry-gli-2.2-2000-5664367) already exists.

❌ duplicate key value violates unique constraint "car_pkey"
DETAIL:  Key (urlcar)=(https://bonbanh.com/xe-toyota-corona-gl-1.6-1989-5663777) already exists.

❌ duplicate key value violates unique constraint "car_pkey"
DETAIL:  Key (urlcar)=(https://bonbanh.com/xe-toyota-camry-2.4g-2007-5651969) already exists.

❌ duplicate key value violates unique constraint "car_pkey"
DETAIL:  Key (urlcar)=(https://bonbanh.com/xe-mazda-2-1.5-at-2017-5651961) already exists.

❌ duplicate key value violates unique constraint "car_pkey"
DETAIL:  Key (urlcar)=(https://bonbanh.com/xe-toyota-innova-g-2008-5651562) already exists.

❌ duplicate key value violates unique constraint "car_pkey"
DETAIL:  Key (urlcar)=(https://bonbanh.com/xe-ford-ranger-xls-2.2l-4x2-at-2022-5674246) already exists.

❌ duplicate key value violates unique constraint "car_pkey"
DETAIL:  Key (urlcar)=(https://bonbanh.com/xe-chevrolet-spark-van-0.8-mt-2011-5668132) already exists.

❌ duplicate key value violates unique constraint "car_pkey"
DETAIL:  Key (urlcar)=(https://bonbanh.com/xe-toyota-camry-gli-2.2-2000-5664367) already exists.

❌ duplicate key value violates unique constraint "car_pkey"
DETAIL:  Key (urlcar)=(https://bonbanh.com/xe-toyota-corona-gl-1.6-1989-5663777) already exists.

❌ duplicate key value violates unique constraint "car_pkey"
DETAIL:  Key (urlcar)=(https://bonbanh.com/xe-toyota-camry-2.4g-2007-5651969) already exists.

❌ duplicate key value violates unique constraint "car_pkey"
DETAIL:  Key (urlcar)=(https://bonbanh.com/xe-mazda-2-1.5-at-2017-5651961) already exists.

❌ duplicate key value violates unique constraint "car_pkey"
DETAIL:  Key (urlcar)=(https://bonbanh.com/xe-toyota-innova-g-2008-5651562) already exists.

✅ Data pushed successfully to car! ✅
✅ Data pushed successfully to car! ✅
✅ Data pushed successfully to car! ✅
✅ Data pushed successfully to car! ✅
✅ Data pushed successfully to car! ✅
✅ Data pushed successfully to car! ✅
✅ Data pushed successfully to car! ✅
✅ Data pushed successfully to car! ✅
✅ Data pushed successfully to car! ✅
✅ Data pushed successfully to car! ✅
✅ Data pushed successfully to car! ✅
✅ Data pushed successfully to car! ✅
✅ Data pushed successfully to car! ✅
✅ Data pushed successfully to car! ✅
✅ Data pushed successfully to car! ✅
✅ Data pushed successfully to car! ✅
✅ Data pushed successfully to car! ✅
✅ Data pushed successfully to car! ✅
✅ Data pushed successfully to car! ✅
✅ Data pushed successfully to car! ✅
✅ Data pushed successfully to car! ✅
✅ Data pushed successfully to car! ✅
✅ Data pushed successfully to car! ✅
✅ Data pushed successfully to car! ✅
✅ Data pushed successfully to car! ✅
✅ Data pushed successfully to car! ✅
✅ Data pushed successfully to car! ✅
✅ Data pushed successfully to car! ✅
✅ Data pushed successfully to car! ✅
✅ Data pushed successfully to car! ✅
✅ Data pushed successfully to car! ✅
✅ Data pushed successfully to car! ✅
✅ Data pushed successfully to car! ✅
✅ Data pushed successfully to car! ✅
✅ Data pushed successfully to car! ✅
✅ Data pushed successfully to car! ✅
✅ Data pushed successfully to car! ✅
✅ Data pushed successfully to car! ✅
✅ Data pushed successfully to car! ✅
✅ Data pushed successfully to car! ✅
✅ Data pushed successfully to car! ✅
✅ Data pushed successfully to car! ✅
✅ Data pushed successfully to car! ✅
✅ Data pushed successfully to car! ✅
✅ Data pushed successfully to car! ✅
✅ Data pushed successfully to car! ✅
✅ Data pushed successfully to car! ✅
✅ Data pushed successfully to car! ✅
✅ Data pushed successfully to car! ✅
✅ Data pushed successfully to car! ✅
✅ Data pushed successfully to car! ✅
✅ Data pushed successfully to car! ✅
✅ Data pushed successfully to car! ✅
✅ Data pushed successfully to car! ✅
✅ Data pushed successfully to car! ✅
✅ Data pushed successfully to car! ✅
✅ Data pushed successfully to car! ✅
✅ Data pushed successfully to car! ✅
✅ Data pushed successfully to car! ✅
✅ Data pushed successfully to car! ✅
✅ Data pushed successfully to car! ✅
✅ Data pushed successfully to car! ✅
✅ Data pushed successfully to car! ✅
✅ Data pushed successfully to car! ✅
✅ Data pushed successfully to car! ✅
✅ Data pushed successfully to car! ✅
✅ Data pushed successfully to car! ✅
✅ Data pushed successfully to car! ✅
✅ Data pushed successfully to car! ✅
✅ Data pushed successfully to car! ✅
✅ Data pushed successfully to car! ✅
✅ Data pushed successfully to car! ✅
✅ Data pushed successfully to car! ✅
✅ Data pushed successfully to car! ✅
✅ Data pushed successfully to car! ✅
✅ Data pushed successfully to car! ✅
✅ Data pushed successfully to car! ✅
✅ Data pushed successfully to car! ✅
✅ Data pushed successfully to car! ✅
✅ Data pushed successfully to car! ✅
✅ Data pushed successfully to car! ✅
✅ Data pushed successfully to car! ✅
✅ Data pushed successfully to car! ✅
✅ Data pushed successfully to car! ✅
✅ Data pushed successfully to car! ✅
✅ Data pushed successfully to car! ✅
✅ Data pushed successfully to car! ✅
✅ Data pushed successfully to car! ✅
✅ Data pushed successfully to car! ✅
✅ Data pushed successfully to car! ✅
✅ Data pushed successfully to car! ✅
✅ Data pushed successfully to car! ✅
✅ Data pushed successfully to car! ✅
✅ Data pushed successfully to car! ✅
✅ Data pushed successfully to car! ✅
✅ Data pushed successfully to car! ✅
✅ Data pushed successfully to car! ✅
✅ Data pushed successfully to car! ✅
✅ Data pushed successfully to car! ✅
✅ Data pushed successfully to car! ✅
✅ Data pushed successfully to car! ✅
✅ Data pushed successfully to car! ✅
✅ Data pushed successfully to car! ✅
✅ Data pushed successfully to car! ✅
❌ duplicate key value violates unique constraint "car_pkey"
DETAIL:  Key (urlcar)=(https://bonbanh.com/xe-toyota-innova-g-2009-5772863) already exists.

❌ duplicate key value violates unique constraint "car_pkey"
DETAIL:  Key (urlcar)=(https://bonbanh.com/xe-peugeot-3008-al-2022-5731936) already exists.

❌ duplicate key value violates unique constraint "car_pkey"
DETAIL:  Key (urlcar)=(https://bonbanh.com/xe-hyundai-elantra-1.6-mt-2018-5722525) already exists.

❌ duplicate key value violates unique constraint "car_pkey"
DETAIL:  Key (urlcar)=(https://bonbanh.com/xe-vinfast-fadil-1.4-at-premium-2019-5615296) already exists.

❌ duplicate key value violates unique constraint "car_pkey"
DETAIL:  Key (urlcar)=(https://bonbanh.com/xe-toyota-innova-g-2009-5772863) already exists.

❌ duplicate key value violates unique constraint "car_pkey"
DETAIL:  Key (urlcar)=(https://bonbanh.com/xe-peugeot-3008-al-2022-5731936) already exists.

❌ duplicate key value violates unique constraint "car_pkey"
DETAIL:  Key (urlcar)=(https://bonbanh.com/xe-hyundai-elantra-1.6-mt-2018-5722525) already exists.

❌ duplicate key value violates unique constraint "car_pkey"
DETAIL:  Key (urlcar)=(https://bonbanh.com/xe-vinfast-fadil-1.4-at-premium-2019-5615296) already exists.

❌ duplicate key value violates unique constraint "car_pkey"
DETAIL:  Key (urlcar)=(https://bonbanh.com/xe-toyota-innova-g-2009-5772863) already exists.

❌ duplicate key value violates unique constraint "car_pkey"
DETAIL:  Key (urlcar)=(https://bonbanh.com/xe-peugeot-3008-al-2022-5731936) already exists.

❌ duplicate key value violates unique constraint "car_pkey"
DETAIL:  Key (urlcar)=(https://bonbanh.com/xe-hyundai-elantra-1.6-mt-2018-5722525) already exists.

❌ duplicate key value violates unique constraint "car_pkey"
DETAIL:  Key (urlcar)=(https://bonbanh.com/xe-vinfast-fadil-1.4-at-premium-2019-5615296) already exists.

❌ duplicate key value violates unique constraint "car_pkey"
DETAIL:  Key (urlcar)=(https://bonbanh.com/xe-toyota-innova-g-2009-5772863) already exists.

❌ duplicate key value violates unique constraint "car_pkey"
DETAIL:  Key (urlcar)=(https://bonbanh.com/xe-peugeot-3008-al-2022-5731936) already exists.

❌ duplicate key value violates unique constraint "car_pkey"
DETAIL:  Key (urlcar)=(https://bonbanh.com/xe-hyundai-elantra-1.6-mt-2018-5722525) already exists.

❌ duplicate key value violates unique constraint "car_pkey"
DETAIL:  Key (urlcar)=(https://bonbanh.com/xe-vinfast-fadil-1.4-at-premium-2019-5615296) already exists.

✅ Data pushed successfully to car! ✅
✅ Data pushed successfully to car! ✅
✅ Data pushed successfully to car! ✅
✅ Data pushed successfully to car! ✅
✅ Data pushed successfully to car! ✅
✅ Data pushed successfully to car! ✅
✅ Data pushed successfully to car! ✅
✅ Data pushed successfully to car! ✅
✅ Data pushed successfully to car! ✅
✅ Data pushed successfully to car! ✅
✅ Data pushed successfully to car! ✅
✅ Data pushed successfully to car! ✅
❌ duplicate key value violates unique constraint "car_pkey"
DETAIL:  Key (urlcar)=(https://bonbanh.com/xe-audi-a8-l-3.0-quattro-2011-5517613) already exists.

❌ duplicate key value violates unique constraint "car_pkey"
DETAIL:  Key (urlcar)=(https://bonbanh.com/xe-mazda-3-1.6-at-2012-5522349) already exists.

❌ duplicate key value violates unique constraint "car_pkey"
DETAIL:  Key (urlcar)=(https://bonbanh.com/xe-ford-fiesta-s-1.6-at-2012-5518407) already exists.

❌ duplicate key value violates unique constraint "car_pkey"
DETAIL:  Key (urlcar)=(https://bonbanh.com/xe-hyundai-i10-grand-1.2-mt-2019-5515632) already exists.

❌ duplicate key value violates unique constraint "car_pkey"
DETAIL:  Key (urlcar)=(https://bonbanh.com/xe-mitsubishi-xpander-1.5-at-2020-5531974) already exists.

❌ duplicate key value violates unique constraint "car_pkey"
DETAIL:  Key (urlcar)=(https://bonbanh.com/xe-daewoo-matiz-se-0.8-mt-2003-5765492) already exists.

❌ duplicate key value violates unique constraint "car_pkey"
DETAIL:  Key (urlcar)=(https://bonbanh.com/xe-daewoo-nubira-ii-1.6-2002-5746793) already exists.

❌ duplicate key value violates unique constraint "car_pkey"
DETAIL:  Key (urlcar)=(https://bonbanh.com/xe-toyota-vios-1.5e-2018-5727556) already exists.

❌ duplicate key value violates unique constraint "car_pkey"
DETAIL:  Key (urlcar)=(https://bonbanh.com/xe-mitsubishi-jolie-ss-2003-5726436) already exists.

❌ duplicate key value violates unique constraint "car_pkey"
DETAIL:  Key (urlcar)=(https://bonbanh.com/xe-chevrolet-spark-lt-1.0-mt-2015-5724515) already exists.

❌ duplicate key value violates unique constraint "car_pkey"
DETAIL:  Key (urlcar)=(https://bonbanh.com/xe-daewoo-gentra-sx-1.5-mt-2011-5723057) already exists.

❌ duplicate key value violates unique constraint "car_pkey"
DETAIL:  Key (urlcar)=(https://bonbanh.com/xe-kia-frontier-k165-2016-5650537) already exists.

✅ Data pushed successfully to car! ✅
✅ Data pushed successfully to car! ✅
✅ Data pushed successfully to car! ✅
✅ Data pushed successfully to car! ✅
✅ Data pushed successfully to car! ✅
✅ Data pushed successfully to car! ✅
✅ Data pushed successfully to car! ✅
✅ Data pushed successfully to car! ✅
✅ Data pushed successfully to car! ✅
✅ Data pushed successfully to car! ✅
✅ Data pushed successfully to car! ✅
✅ Data pushed successfully to car! ✅
✅ Data pushed successfully to car! ✅
✅ Data pushed successfully to car! ✅
✅ Data pushed successfully to car! ✅
✅ Data pushed successfully to car! ✅
✅ Data pushed successfully to car! ✅
✅ Data pushed successfully to car! ✅
✅ Data pushed successfully to car! ✅
✅ Data pushed successfully to car! ✅
✅ Data pushed successfully to car! ✅
✅ Data pushed successfully to car! ✅
✅ Data pushed successfully to car! ✅
✅ Data pushed successfully to car! ✅
✅ Data pushed successfully to car! ✅
✅ Data pushed successfully to car! ✅
✅ Data pushed successfully to car! ✅
✅ Data pushed successfully to car! ✅
✅ Data pushed successfully to car! ✅
✅ Data pushed successfully to car! ✅
✅ Data pushed successfully to car! ✅
✅ Data pushed successfully to car! ✅
✅ Data pushed successfully to car! ✅
✅ Data pushed successfully to car! ✅
✅ Data pushed successfully to car! ✅
✅ Data pushed successfully to car! ✅
✅ Data pushed successfully to car! ✅
✅ Data pushed successfully to car! ✅
✅ Data pushed successfully to car! ✅
✅ Data pushed successfully to car! ✅
